[17-Oct-2022 18:49:55] NOTICE: fpm is running, pid 36001
[17-Oct-2022 18:49:55] NOTICE: ready to handle connections
[06-Nov-2022 21:11:34] NOTICE: fpm is running, pid 31252
[06-Nov-2022 21:11:34] NOTICE: ready to handle connections
[16-Nov-2022 23:37:26] NOTICE: Terminating ...
[16-Nov-2022 23:37:26] NOTICE: Terminating ...
[16-Nov-2022 23:37:26] NOTICE: exiting, bye-bye!
[22-Nov-2022 22:14:07] NOTICE: fpm is running, pid 1161
[22-Nov-2022 22:14:07] NOTICE: ready to handle connections
[22-Nov-2022 22:59:17] NOTICE: Terminating ...
[22-Nov-2022 22:59:17] NOTICE: Terminating ...
[22-Nov-2022 22:59:17] NOTICE: exiting, bye-bye!
[29-Nov-2022 16:45:15] NOTICE: fpm is running, pid 2709
[29-Nov-2022 16:45:15] NOTICE: ready to handle connections
[29-Nov-2022 16:45:20] NOTICE: Terminating ...
[29-Nov-2022 16:45:20] NOTICE: Terminating ...
[29-Nov-2022 16:45:20] NOTICE: exiting, bye-bye!
[09-Dec-2022 15:59:03] NOTICE: fpm is running, pid 43787
[09-Dec-2022 15:59:03] NOTICE: ready to handle connections
[03-Jan-2023 20:30:36] NOTICE: Terminating ...
[03-Jan-2023 20:30:36] NOTICE: Terminating ...
[03-Jan-2023 20:30:36] NOTICE: exiting, bye-bye!
[26-Jun-2023 15:49:12] NOTICE: fpm is running, pid 24934
[26-Jun-2023 15:49:12] NOTICE: ready to handle connections
